下载 0: https://remoteOK.com/remote-jobs/remote-bid-manage
下载 1: https://remoteOK.com/remote-jobs/remote-vehicle-re
下载 2: https://remoteOK.com/remote-jobs/remote-speculativ
下载 3: https://remoteOK.com/remote-jobs/remote-accommodat
下载 4: https://remoteOK.com/remote-jobs/remote-caretaker-
下载 5: https://remoteOK.com/remote-jobs/remote-vice-presi
下载 6: https://remoteOK.com/remote-jobs/remote-hr-lead-wo
下载 7: https://remoteOK.com/remote-jobs/remote-restoratio
下载 8: https://remoteOK.com/remote-jobs/remote-lead-abm-i
下载 9: https://remoteOK.com/remote-jobs/remote-housekeepe
下载 10: https://remoteOK.com/remote-jobs/remote-freelance-
下载 11: https://remoteOK.com/remote-jobs/remote-senior-dir
下载 12: https://remoteOK.com/remote-jobs/remote-business-a
下载 13: https://remoteOK.com/remote-jobs/remote-freelance-
下载 14: https://remoteOK.com/remote-jobs/remote-director-o
下载 15: https://remoteOK.com/remote-jobs/remote-english-tu
下载 16: https://remoteOK.com/remote-jobs/remote-block-oper
下载 17: https://remoteOK.com/remote-jobs/remote-painter-ia
下载 18: https://remoteOK.com/remote-jobs/remote-sharetea-e
下载 19: https://remoteOK.com/remote-jobs/remote-pengajar-b
下载 20: https://remoteOK.com/remote-jobs/remote-testing-ma
下载 21: https://remoteOK.com/remote-jobs/remote-non-teachi
下载 22: https://remoteOK.com/remote-jobs/remote-cuidador-a
下载 23: https://remoteOK.com/remote-jobs/remote-expression
下载 24: https://remoteOK.com/remote-jobs/remote-ninera-ayu
下载 25: https://remoteOK.com/remote-jobs/remote-physiother
下载 26: https://remoteOK.com/remote-jobs/remote-graduate-b
下载 27: https://remoteOK.com/remote-jobs/remote-1811-4buil
下载 28: https://remoteOK.com/remote-jobs/remote-1419-4buil
下载 29: https://remoteOK.com/remote-jobs/remote-1838-4buil
下载 30: https://remoteOK.com/remote-jobs/remote-2035-4buil
下载 31: https://remoteOK.com/remote-jobs/remote-customer-s
下载 32: https://remoteOK.com/remote-jobs/remote-admissions
下载 33: https://remoteOK.com/remote-jobs/remote-warehouse-
下载 34: https://remoteOK.com/remote-jobs/remote-freelance-
下载 35: https://remoteOK.com/remote-jobs/remote-job-title-
下载 36: https://remoteOK.com/remote-jobs/remote-delivery-d
下载 37: https://remoteOK.com/remote-jobs/remote-various-gl
下载 38: https://remoteOK.com/remote-jobs/remote-ascent-env
下载 39: https://remoteOK.com/remote-jobs/remote-attendant-
下载 40: https://remoteOK.com/remote-jobs/remote-senior-cou
下载 41: https://remoteOK.com/remote-jobs/remote-document-f
下载 42: https://remoteOK.com/remote-jobs/remote-industry-a
下载 43: https://remoteOK.com/remote-jobs/remote-technical-
下载 44: https://remoteOK.com/remote-jobs/remote-content-de
下载 45: https://remoteOK.com/remote-jobs/remote-ut-facere-
下载 46: https://remoteOK.com/remote-jobs/remote-error-odio
下载 47: https://remoteOK.com/remote-jobs/remote-video-edit
下载 48: https://remoteOK.com/remote-jobs/remote-cable-join
下载 49: https://remoteOK.com/remote-jobs/remote-ai-filmmak
已保存 50 个Remote OK URL映射
下载 0: https://remote-china.com/jobs/1363
下载 1: https://remote-china.com/jobs/1362
下载 2: https://remote-china.com/jobs/1361
下载 3: https://remote-china.com/jobs/1360
下载 4: https://remote-china.com/jobs/1359
下载 5: https://remote-china.com/jobs/1358
下载 6: https://remote-china.com/jobs/1357
下载 7: https://remote-china.com/jobs/1356
下载 8: https://remote-china.com/jobs/1355
下载 9: https://remote-china.com/jobs/1354
下载 10: https://remote-china.com/jobs/1353
下载 11: https://remote-china.com/jobs/1352
下载 12: https://remote-china.com/jobs/1351
下载 13: https://remote-china.com/jobs/1350
下载 14: https://remote-china.com/jobs/1349
已保存 15 个远程中文网详情页映射
下载 0: /t/1223546#reply5
下载 1: /t/1217167#reply14
下载 2: /t/1216070#reply4
下载 3: /t/1223466#reply0
下载 4: /t/1223275#reply4
下载 5: /t/1223341#reply2
下载 6: /t/1203427#reply45
下载 7: /t/1222499#reply5
下载 8: /t/1222521#reply1
下载 9: /t/1222912#reply0
下载 10: /t/1221763#reply0
下载 11: /t/1221545#reply11
下载 12: /t/1221423#reply9
下载 13: /t/1221203#reply1
下载 14: /t/1221416#reply1
下载 15: /t/1221099#reply3
下载 16: /t/1220841#reply0
下载 17: /t/1220112#reply9
下载 18: /t/1219661#reply5
下载 19: /t/1219851#reply8
已保存 20 个URL映射
Traceback (most recent call last):
  File "<stdin>", line 434, in <module>
  File "/Users/qisoong/.workbuddy/binaries/python/versions/3.13.12/lib/python3.13/json/__init__.py", line 298, in load
    return loads(fp.read(),
        cls=cls, object_hook=object_hook,
        parse_float=parse_float, parse_int=parse_int,
        parse_constant=parse_constant, object_pairs_hook=object_pairs_hook, **kw)
  File "/Users/qisoong/.workbuddy/binaries/python/versions/3.13.12/lib/python3.13/json/__init__.py", line 352, in loads
    return _default_decoder.decode(s)
           ~~~~~~~~~~~~~~~~~~~~~~~^^^
  File "/Users/qisoong/.workbuddy/binaries/python/versions/3.13.12/lib/python3.13/json/decoder.py", line 345, in decode
    obj, end = self.raw_decode(s, idx=_w(s, 0).end())
               ~~~~~~~~~~~~~~~^^^^^^^^^^^^^^^^^^^^^^^
  File "/Users/qisoong/.workbuddy/binaries/python/versions/3.13.12/lib/python3.13/json/decoder.py", line 361, in raw_decode
    obj, end = self.scan_once(s, idx)
               ~~~~~~~~~~~~~~^^^^^^^^
json.decoder.JSONDecodeError: Expecting ',' delimiter: line 89206 column 6 (char 2885480)
Remote OK: 100 jobs
Remotive: 31 jobs
远程岛: 150 jobs
who-is-hiring 解析失败: Expecting ',' delimiter: line 89206 column 6 (char 2885480)
远程中文网: 15 jobs
已建立 20 个详情页映射
V2EX: 3 jobs（跳过非今日帖子: 17）
电鸭 解析失败: [Errno 2] No such file or directory: '/tmp/dianyu.html'
现有数据: CN=1053, Global=2000
合并去重后: CN=1064, Global=2000
✅ 数据更新完成!
✅ money.xlsx 已更新，插入 3 条V2EX数据 + 0 条who-is-hiring数据
[master 74f5dd7] 自动更新: 2026-07-01 CN=1064 Global=2000
 5 files changed, 22845 insertions(+), 24164 deletions(-)
 rewrite scrape.log (99%)
Control socket connect(/Users/qisoong/.ssh/github.com-22-git): Connection refused
To github.com:Consuelaz/RemoteWork.git
   36e7c52..74f5dd7  master -> master
thub.com:Consuelaz/RemoteWork.git
   36e7c52..74f5dd7  master -> master
✅ Git 推送完成
========================================
开始抓取: 2026-07-03
正在抓取 Remote OK...
Remote OK 下载完成
正在抓取 Remotive...
Remotive 下载完成
正在抓取远程岛...
远程岛 下载完成
正在抓取 who-is-hiring (Rebase)...
who-is-hiring 下载完成
正在预下载Remote OK岗位详情...
正在抓取远程中文网...
远程中文网 下载完成
正在预下载远程中文网岗位详情...
正在抓取 V2EX...
V2EX 下载完成
正在预下载V2EX岗位详情...
Remote OK: 100 jobs
Remotive: 31 jobs
远程岛: 150 jobs
who-is-hiring: 431 jobs (含联系方式的 431 条)
远程中文网: 15 jobs
已建立 20 个详情页映射
V2EX: 5 jobs（跳过非今日帖子: 15）
电鸭 解析失败: [Errno 2] No such file or directory: '/tmp/dianyu.html'
现有数据: CN=1064, Global=2000
合并去重后: CN=1087, Global=2000
✅ 数据更新完成!
✅ money.xlsx 已更新，插入 5 条V2EX数据 + 431 条who-is-hiring数据
数据更新完成: 2026-07-03
========================================
[master 45c335f] 自动更新: 2026-07-03 CN=1087 Global=2000
 6 files changed, 21485 insertions(+), 20933 deletions(-)
Control socket connect(/Users/qisoong/.ssh/github.com-22-git): Connection refused
To github.com:Consuelaz/RemoteWork.git
   74f5dd7..45c335f  master -> master
✅ Git 推送完成
========================================
开始抓取: 2026-07-06
正在抓取 Remote OK...
Remote OK 下载失败
正在抓取 Remotive...
Remotive 下载完成
正在抓取远程岛...
远程岛 下载完成
正在抓取 who-is-hiring (Rebase)...
who-is-hiring 下载完成
正在预下载Remote OK岗位详情...
正在抓取远程中文网...
远程中文网 下载失败
正在预下载远程中文网岗位详情...
正在抓取 V2EX...
V2EX 下载失败
正在预下载V2EX岗位详情...
Remote OK 解析失败: [Errno 2] No such file or directory: '/tmp/remoteok.json'
Remotive: 31 jobs
远程岛: 150 jobs
who-is-hiring: 431 jobs (含联系方式的 431 条)
远程中文网 解析失败: [Errno 2] No such file or directory: '/tmp/remote-china.html'
已建立 0 个详情页映射
V2EX 解析失败: [Errno 2] No such file or directory: '/tmp/v2ex.html'
电鸭 解析失败: [Errno 2] No such file or directory: '/tmp/dianyu.html'
现有数据: CN=1087, Global=2000
合并去重后: CN=1087, Global=2000
✅ 数据更新完成!
✅ money.xlsx 已更新，插入 0 条V2EX数据 + 431 条who-is-hiring数据
数据更新完成: 2026-07-06
========================================
