[18:30:28] === 开始生成 2026-04-13 AI 资讯 ===
[18:30:28] Step 1: 获取 AI Builders feed 数据...
[18:30:31] ✅ Feed 获取成功
[18:30:31] Step 2: AI 创作今日摘要...
[18:30:32] Step 3: 生成 HTML 页面...
[18:30:33] ✅ 页面生成完成: /Users/qisoong/WorkBuddy/20260317141747/ai-news/2026-04-13.html
[18:30:33] === 完成 ===
[2026-04-13 23:20:56] 开始生成 AI 资讯...
[2026-04-13 23:20:56] 数据统计: X=12, Podcasts=1, Blogs=1
[2026-04-13 23:20:56] HTML 生成完成: 2026-04-13
[2026-04-14 00:13:45] 开始生成 AI 资讯...
[2026-04-14 00:13:46] 数据统计: X=12, Podcasts=1, Blogs=1
[2026-04-14 00:15:41] 开始生成 AI 资讯...
[2026-04-14 00:15:41] 数据统计: X=12, Podcasts=1, Blogs=1
[2026-04-14 00:15:41] HTML 组件生成完成
[2026-04-14 00:17:19] 开始生成 AI 资讯...
[2026-04-14 00:17:20] 数据统计: X=12, Podcasts=1, Blogs=1
[2026-04-14 00:17:20] 生成存档: 2026-04-14.html
[2026-04-14 00:17:20] 更新入口: index.html
[2026-04-14 00:17:45] 完成！
[2026-04-14 00:37:49] 开始生成 AI 资讯...
[2026-04-14 00:37:49] 数据统计: X=12, Podcasts=1, Blogs=1
[2026-04-14 00:37:49] 生成存档: 2026-04-14.html
[2026-04-14 00:37:49] 更新入口: index.html
[2026-04-14 00:38:14] 完成！
[2026-04-14 07:31:24] 开始生成 AI 资讯...
[2026-04-14 07:31:26] 数据统计: X=12, Podcasts=1, Blogs=1
[2026-04-14 07:31:27] 生成存档: 2026-04-14.html
[2026-04-14 07:31:27] 更新入口: index.html
[2026-04-14 07:31:33] 完成！
